{"level":"info","message":"GET - /admin","service":"user-service"}
{"level":"info","message":"GET - /assets/css/home.css","service":"user-service"}
{"level":"info","message":"GET - /assets/css/style.css","service":"user-service"}
{"level":"info","message":"GET - /favicon.ico","service":"user-service"}
{"level":"info","message":"POST - /admin/login","service":"user-service"}
{"address":"127.0.0.1","code":"ESOCKET","command":"CONN","errno":-61,"level":"error","port":587,"service":"user-service","syscall":"connect"}
{"level":"error","message":"[SMTP-Service] Failed to verify SMTP connection","service":"user-service"}
{"level":"error","message":"[SMTP-Service] Failed to send mail","service":"user-service"}
{"address":"127.0.0.1","code":"ESOCKET","command":"CONN","errno":-61,"level":"error","port":587,"service":"user-service","syscall":"connect"}
{"level":"info","message":"GET - /admin/assets/css/style.css","service":"user-service"}
{"level":"info","message":"GET - /admin/assets/css/home.css","service":"user-service"}
{"level":"info","message":"POST - /admin/login","service":"user-service"}
{"address":"127.0.0.1","code":"ESOCKET","command":"CONN","errno":-61,"level":"error","port":587,"service":"user-service","syscall":"connect"}
{"level":"error","message":"[SMTP-Service] Failed to verify SMTP connection","service":"user-service"}
{"level":"error","message":"[SMTP-Service] Failed to send mail","service":"user-service"}
{"address":"127.0.0.1","code":"ESOCKET","command":"CONN","errno":-61,"level":"error","port":587,"service":"user-service","syscall":"connect"}
{"level":"info","message":"GET - /admin","service":"user-service"}
{"level":"info","message":"GET - /assets/css/style.css","service":"user-service"}
{"level":"info","message":"GET - /assets/css/home.css","service":"user-service"}
{"level":"info","message":"POST - /admin/setup/update","service":"user-service"}
{"level":"info","message":"GET - /admin","service":"user-service"}
{"level":"info","message":"GET - /assets/css/style.css","service":"user-service"}
{"level":"info","message":"GET - /assets/css/home.css","service":"user-service"}
{"level":"info","message":"GET - /admin","service":"user-service"}
{"level":"info","message":"GET - /assets/css/style.css","service":"user-service"}
{"level":"info","message":"GET - /assets/css/home.css","service":"user-service"}
{"level":"info","message":"GET - /api/v1/auth/session","service":"user-service"}
{"level":"info","message":"GET - /api/v1/auth/session","service":"user-service"}
{"level":"info","message":"GET - /api/v1/auth/session","service":"user-service"}
{"level":"info","message":"GET - /api/v1/auth/session","service":"user-service"}
{"level":"info","message":"GET - /api/v1/auth/session","service":"user-service"}
{"level":"info","message":"GET - /api/v1/auth/session","service":"user-service"}
{"level":"info","message":"GET - /api/v1/auth/session","service":"user-service"}
{"level":"info","message":"GET - /api/v1/auth/session","service":"user-service"}
{"level":"info","message":"GET - /api/v1/auth/session","service":"user-service"}
{"level":"info","message":"GET - /api/v1/auth/session","service":"user-service"}
{"level":"info","message":"GET - /api/v1/auth/session","service":"user-service"}
{"level":"info","message":"GET - /api/v1/auth/session","service":"user-service"}
{"level":"info","message":"GET - /api/v1/auth/session","service":"user-service"}
{"level":"info","message":"GET - /api/v1/auth/session","service":"user-service"}
{"level":"info","message":"GET - /api/v1/auth/session","service":"user-service"}
{"level":"info","message":"GET - /api/v1/auth/session","service":"user-service"}
{"level":"info","message":"GET - /api/v1/auth/session","service":"user-service"}
{"level":"info","message":"GET - /api/v1/auth/session","service":"user-service"}
{"level":"info","message":"GET - /api/v1/auth/session","service":"user-service"}
{"level":"info","message":"GET - /api/v1/auth/session","service":"user-service"}
{"level":"info","message":"GET - /api/v1/auth/session","service":"user-service"}
{"level":"info","message":"GET - /api/v1/auth/session","service":"user-service"}
{"level":"info","message":"GET - /api/v1/auth/session","service":"user-service"}
{"level":"info","message":"GET - /api/v1/auth/session","service":"user-service"}
{"level":"info","message":"GET - /api/v1/auth/session","service":"user-service"}
{"level":"info","message":"GET - /api/v1/auth/session","service":"user-service"}
{"level":"info","message":"GET - /api/v1/auth/session","service":"user-service"}
{"level":"info","message":"GET - /api/v1/auth/session","service":"user-service"}
{"level":"info","message":"GET - /api/v1/auth/session","service":"user-service"}
{"level":"info","message":"GET - /api/v1/auth/session","service":"user-service"}
{"level":"info","message":"GET - /api/v1/auth/session","service":"user-service"}
{"level":"info","message":"GET - /api/v1/auth/session","service":"user-service"}
{"level":"info","message":"GET - /api/v1/auth/session","service":"user-service"}
{"level":"info","message":"GET - /api/v1/auth/session","service":"user-service"}
{"level":"info","message":"GET - /api/v1/auth/session","service":"user-service"}
{"level":"info","message":"GET - /api/v1/auth/session","service":"user-service"}
{"level":"info","message":"GET - /api/v1/auth/session","service":"user-service"}
{"level":"info","message":"GET - /api/v1/auth/session","service":"user-service"}
{"level":"info","message":"GET - /api/v1/auth/session","service":"user-service"}
{"level":"info","message":"GET - /api/v1/auth/session","service":"user-service"}
{"level":"info","message":"GET - /api/v1/auth/session","service":"user-service"}
{"level":"info","message":"GET - /api/v1/auth/session","service":"user-service"}
{"level":"info","message":"GET - /api/v1/auth/session","service":"user-service"}
{"level":"info","message":"GET - /api/v1/auth/session","service":"user-service"}
{"level":"info","message":"GET - /api/v1/auth/session","service":"user-service"}
{"level":"info","message":"GET - /api/v1/auth/session","service":"user-service"}
{"level":"info","message":"GET - /api/v1/auth/session","service":"user-service"}
{"level":"info","message":"GET - /api/v1/auth/session","service":"user-service"}
{"level":"info","message":"GET - /api/v1/auth/session","service":"user-service"}
{"level":"info","message":"GET - /api/v1/auth/session","service":"user-service"}
{"level":"info","message":"GET - /api/v1/auth/session","service":"user-service"}
{"level":"info","message":"GET - /api/v1/auth/session","service":"user-service"}
{"level":"info","message":"GET - /api/v1/auth/session","service":"user-service"}
{"level":"info","message":"GET - /api/v1/auth/session","service":"user-service"}
{"level":"info","message":"GET - /api/v1/publicKey","service":"user-service"}
{"level":"info","message":"GET - /api/v1/publicKey","service":"user-service"}
{"level":"info","message":"POST - /api/v1/auth/login","service":"user-service"}
{"level":"info","message":"GET - /api/v1/publicKey","service":"user-service"}
{"level":"info","message":"GET - /api/v1/publicKey","service":"user-service"}
{"level":"info","message":"POST - /api/v1/auth/login","service":"user-service"}
{"level":"info","message":"GET - /api/v1/publicKey","service":"user-service"}
{"level":"info","message":"GET - /api/v1/publicKey","service":"user-service"}
{"level":"info","message":"POST - /api/v1/auth/login","service":"user-service"}
{"level":"info","message":"POST - /api/v1/auth/password/reset-request","service":"user-service"}
{"level":"info","message":"GET - /api/v1/publicKey","service":"user-service"}
{"level":"info","message":"GET - /api/v1/publicKey","service":"user-service"}
{"level":"info","message":"POST - /api/v1/auth/login","service":"user-service"}
{"level":"info","message":"GET - /api/v1/publicKey","service":"user-service"}
{"level":"info","message":"GET - /api/v1/publicKey","service":"user-service"}
{"level":"info","message":"POST - /api/v1/auth/login","service":"user-service"}
{"level":"info","message":"GET - /api/v1/auth/session","service":"user-service"}
{"level":"info","message":"GET - /api/v1/publicKey","service":"user-service"}
{"level":"info","message":"GET - /api/v1/publicKey","service":"user-service"}
{"level":"info","message":"POST - /api/v1/auth/login","service":"user-service"}
{"level":"info","message":"GET - /api/v1/auth/session","service":"user-service"}
{"level":"info","message":"GET - /admin","service":"user-service"}
{"level":"info","message":"GET - /assets/css/style.css","service":"user-service"}
{"level":"info","message":"GET - /assets/css/home.css","service":"user-service"}
{"level":"info","message":"POST - /admin/login","service":"user-service"}
{"address":"127.0.0.1","code":"ESOCKET","command":"CONN","errno":-61,"level":"error","port":587,"service":"user-service","syscall":"connect"}
{"level":"error","message":"[SMTP-Service] Failed to verify SMTP connection","service":"user-service"}
{"level":"error","message":"[SMTP-Service] Failed to send mail","service":"user-service"}
{"address":"127.0.0.1","code":"ESOCKET","command":"CONN","errno":-61,"level":"error","port":587,"service":"user-service","syscall":"connect"}
{"level":"info","message":"GET - /admin","service":"user-service"}
{"level":"info","message":"GET - /assets/css/style.css","service":"user-service"}
{"level":"info","message":"GET - /assets/css/home.css","service":"user-service"}
{"level":"info","message":"GET - /admin","service":"user-service"}
{"level":"info","message":"GET - /assets/css/home.css","service":"user-service"}
{"level":"info","message":"GET - /assets/css/style.css","service":"user-service"}
{"level":"info","message":"GET - /api/v1/publicKey","service":"user-service"}
{"level":"info","message":"GET - /api/v1/publicKey","service":"user-service"}
{"level":"info","message":"POST - /api/v1/auth/login","service":"user-service"}
{"level":"info","message":"POST - /admin/setup/update","service":"user-service"}
{"level":"info","message":"GET - /admin","service":"user-service"}
{"level":"info","message":"GET - /assets/css/style.css","service":"user-service"}
{"level":"info","message":"GET - /assets/css/home.css","service":"user-service"}
{"level":"info","message":"POST - /admin/setup/update","service":"user-service"}
{"level":"info","message":"GET - /admin","service":"user-service"}
{"level":"info","message":"GET - /assets/css/style.css","service":"user-service"}
{"level":"info","message":"GET - /assets/css/home.css","service":"user-service"}
{"level":"info","message":"POST - /admin/setup/update","service":"user-service"}
{"level":"info","message":"GET - /admin","service":"user-service"}
{"level":"info","message":"GET - /assets/css/style.css","service":"user-service"}
{"level":"info","message":"GET - /assets/css/home.css","service":"user-service"}
{"level":"info","message":"POST - /admin/setup/update","service":"user-service"}
{"level":"info","message":"GET - /admin","service":"user-service"}
{"level":"info","message":"GET - /assets/css/style.css","service":"user-service"}
{"level":"info","message":"GET - /assets/css/home.css","service":"user-service"}
{"level":"info","message":"POST - /admin/setup/update","service":"user-service"}
{"level":"info","message":"GET - /admin","service":"user-service"}
{"level":"info","message":"GET - /assets/css/style.css","service":"user-service"}
{"level":"info","message":"GET - /assets/css/home.css","service":"user-service"}
{"level":"info","message":"POST - /admin/setup/update","service":"user-service"}
{"level":"info","message":"POST - /admin/setup/update","service":"user-service"}
{"level":"info","message":"GET - /admin","service":"user-service"}
{"level":"info","message":"GET - /assets/css/style.css","service":"user-service"}
{"level":"info","message":"GET - /assets/css/home.css","service":"user-service"}
{"level":"info","message":"POST - /admin/setup/update","service":"user-service"}
{"level":"info","message":"GET - /admin","service":"user-service"}
{"level":"info","message":"GET - /assets/css/style.css","service":"user-service"}
{"level":"info","message":"GET - /assets/css/home.css","service":"user-service"}
{"level":"info","message":"POST - /admin/setup/update","service":"user-service"}
{"level":"info","message":"GET - /admin","service":"user-service"}
{"level":"info","message":"GET - /assets/css/style.css","service":"user-service"}
{"level":"info","message":"GET - /assets/css/home.css","service":"user-service"}
{"level":"info","message":"POST - /api/v1/auth/password/reset-request","service":"user-service"}
{"level":"info","message":"GET - /api/v1/auth/session","service":"user-service"}
{"level":"info","message":"GET - /api/v1/auth/session","service":"user-service"}
{"level":"info","message":"POST - /api/v1/auth/password/reset-request","service":"user-service"}
{"level":"info","message":"POST - /api/v1/auth/password/reset-request","service":"user-service"}
{"level":"info","message":"POST - /api/v1/auth/password/reset","service":"user-service"}
{"level":"info","message":"GET - /api/v1/publicKey","service":"user-service"}
{"level":"info","message":"GET - /api/v1/publicKey","service":"user-service"}
{"level":"info","message":"POST - /api/v1/auth/login","service":"user-service"}
{"level":"info","message":"GET - /api/v1/auth/session","service":"user-service"}
{"level":"info","message":"GET - /api/v1/auth/session","service":"user-service"}
{"level":"info","message":"GET - /api/v1/auth/session","service":"user-service"}
{"level":"info","message":"GET - /api/v1/auth/session","service":"user-service"}
{"level":"info","message":"GET - /api/v1/auth/session","service":"user-service"}
{"level":"info","message":"GET - /api/v1/auth/session","service":"user-service"}
{"level":"info","message":"GET - /api/v1/auth/session","service":"user-service"}
{"level":"info","message":"GET - /api/v1/auth/session","service":"user-service"}
{"level":"info","message":"GET - /api/v1/auth/session","service":"user-service"}
{"level":"info","message":"GET - /api/v1/auth/session","service":"user-service"}
{"level":"info","message":"GET - /api/v1/auth/session","service":"user-service"}
{"level":"info","message":"GET - /api/v1/auth/session","service":"user-service"}
{"level":"info","message":"GET - /api/v1/auth/session","service":"user-service"}
{"level":"info","message":"GET - /api/v1/auth/session","service":"user-service"}
{"level":"info","message":"GET - /api/v1/auth/session","service":"user-service"}
{"level":"info","message":"GET - /api/v1/auth/session","service":"user-service"}
{"level":"info","message":"GET - /api/v1/auth/session","service":"user-service"}
{"level":"info","message":"GET - /api/v1/auth/session","service":"user-service"}
{"level":"info","message":"GET - /api/v1/auth/session","service":"user-service"}
{"level":"info","message":"GET - /api/v1/auth/session","service":"user-service"}
{"level":"info","message":"GET - /api/v1/auth/session","service":"user-service"}
{"level":"info","message":"GET - /api/v1/auth/session","service":"user-service"}
{"level":"info","message":"GET - /api/v1/auth/session","service":"user-service"}
{"level":"info","message":"GET - /api/v1/auth/session","service":"user-service"}
{"level":"info","message":"GET - /api/v1/auth/session","service":"user-service"}
{"level":"info","message":"GET - /api/v1/auth/session","service":"user-service"}
{"level":"info","message":"GET - /api/v1/auth/session","service":"user-service"}
{"level":"info","message":"GET - /api/v1/auth/session","service":"user-service"}
{"level":"info","message":"GET - /api/v1/auth/session","service":"user-service"}
{"level":"info","message":"GET - /api/v1/auth/session","service":"user-service"}
{"level":"info","message":"GET - /api/v1/auth/session","service":"user-service"}
{"level":"info","message":"GET - /api/v1/auth/session","service":"user-service"}
{"level":"info","message":"GET - /api/v1/auth/session","service":"user-service"}
{"level":"info","message":"GET - /api/v1/auth/session","service":"user-service"}
{"level":"info","message":"GET - /api/v1/auth/session","service":"user-service"}
{"level":"info","message":"GET - /api/v1/auth/session","service":"user-service"}
{"level":"info","message":"GET - /api/v1/auth/session","service":"user-service"}
{"level":"info","message":"GET - /api/v1/auth/session","service":"user-service"}
{"level":"info","message":"GET - /api/v1/auth/session","service":"user-service"}
{"level":"info","message":"GET - /api/v1/auth/session","service":"user-service"}
{"level":"info","message":"GET - /api/v1/auth/session","service":"user-service"}
{"level":"info","message":"GET - /api/v1/auth/session","service":"user-service"}
{"level":"info","message":"GET - /api/v1/auth/session","service":"user-service"}
{"level":"info","message":"GET - /api/v1/auth/session","service":"user-service"}
{"level":"info","message":"GET - /api/v1/auth/session","service":"user-service"}
{"level":"info","message":"GET - /api/v1/auth/session","service":"user-service"}
{"level":"info","message":"GET - /api/v1/auth/session","service":"user-service"}
{"level":"info","message":"GET - /api/v1/auth/session","service":"user-service"}
{"level":"info","message":"GET - /api/v1/auth/session","service":"user-service"}
{"level":"info","message":"GET - /api/v1/publicKey","service":"user-service"}
{"level":"info","message":"GET - /api/v1/publicKey","service":"user-service"}
{"level":"info","message":"POST - /api/v1/auth/login","service":"user-service"}
{"level":"info","message":"GET - /api/v1/auth/session","service":"user-service"}
{"level":"info","message":"GET - /api/v1/auth/session","service":"user-service"}
{"level":"info","message":"GET - /api/v1/auth/session","service":"user-service"}
{"level":"info","message":"GET - /api/v1/auth/session","service":"user-service"}
{"level":"info","message":"GET - /api/v1/auth/session","service":"user-service"}
{"level":"info","message":"GET - /api/v1/auth/session","service":"user-service"}
{"level":"info","message":"GET - /api/v1/auth/session","service":"user-service"}
{"level":"info","message":"GET - /api/v1/auth/session","service":"user-service"}
{"level":"info","message":"GET - /api/v1/auth/session","service":"user-service"}
{"level":"info","message":"GET - /api/v1/auth/session","service":"user-service"}
{"level":"info","message":"GET - /api/v1/auth/session","service":"user-service"}
{"level":"info","message":"GET - /api/v1/auth/session","service":"user-service"}
{"level":"info","message":"GET - /api/v1/auth/session","service":"user-service"}
{"level":"info","message":"GET - /api/v1/auth/session","service":"user-service"}
{"level":"info","message":"GET - /api/v1/auth/session","service":"user-service"}
{"level":"info","message":"GET - /api/v1/publicKey","service":"user-service"}
{"level":"info","message":"GET - /api/v1/publicKey","service":"user-service"}
{"level":"info","message":"POST - /api/v1/auth/login","service":"user-service"}
{"level":"info","message":"GET - /api/v1/auth/session","service":"user-service"}
{"level":"info","message":"GET - /api/v1/auth/session","service":"user-service"}
{"level":"info","message":"GET - /api/v1/auth/session","service":"user-service"}
{"level":"info","message":"GET - /api/v1/auth/session","service":"user-service"}
{"level":"info","message":"GET - /api/v1/auth/session","service":"user-service"}
{"level":"info","message":"GET - /api/v1/auth/session","service":"user-service"}
{"level":"info","message":"GET - /api/v1/auth/session","service":"user-service"}
{"level":"info","message":"GET - /api/v1/auth/session","service":"user-service"}
